[    0.000000] Initializing cgroup subsys cpuset
[    0.000000] Initializing cgroup subsys cpu
[    0.000000] Initializing cgroup subsys cpuacct
[    0.000000] Linux version 4.4.0-104-generic (buildd@lgw01-amd64-022) (gcc version 5.4.0 20160609 (Ubuntu 5.4.0-6ubuntu1~16.04.5) ) #127-Ubuntu SMP Mon Dec 11 12:16:42 UTC 2017 (Ubuntu 4.4.0-104.127-generic 4.4.98)
[    0.000000] Command line: BOOT_IMAGE=/boot/vmlinuz-4.4.0-104-generic root=LABEL=cloudimg-rootfs ro console=tty1 console=ttyS0
[    0.000000] KERNEL supported cpus:
[    0.000000]   Intel GenuineIntel
[    0.000000]   AMD AuthenticAMD
[    0.000000]   Centaur CentaurHauls
[    0.000000] x86/fpu: Supporting XSAVE feature 0x01: 'x87 floating point registers'
[    0.000000] x86/fpu: Supporting XSAVE feature 0x02: 'SSE registers'
[    0.000000] x86/fpu: Enabled xstate features 0x3, context size is 576 bytes, using 'standard' format.
[    0.000000] x86/fpu: Using 'lazy' FPU context switches.
[    0.000000] e820: BIOS-provided physical RAM map:
[    0.000000] BIOS-e820: [mem 0x0000000000000000-0x000000000009fbff] usable
[    0.000000] BIOS-e820: [mem 0x000000000009fc00-0x000000000009ffff] reserved
[    0.000000] BIOS-e820: [mem 0x00000000000f0000-0x00000000000fffff] reserved
[    0.000000] BIOS-e820: [mem 0x0000000000100000-0x000000003ffeffff] usable
[    0.000000] BIOS-e820: [mem 0x000000003fff0000-0x000000003fffffff] ACPI data
[    0.000000] BIOS-e820: [mem 0x00000000fec00000-0x00000000fec00fff] reserved
[    0.000000] BIOS-e820: [mem 0x00000000fee00000-0x00000000fee00fff] reserved
[    0.000000] BIOS-e820: [mem 0x00000000fffc0000-0x00000000ffffffff] reserved
[    0.000000] NX (Execute Disable) protection: active
[    0.000000] SMBIOS 2.5 present.
[    0.000000] Hypervisor detected: KVM
[    0.000000] e820: last_pfn = 0x3fff0 max_arch_pfn = 0x400000000
[    0.000000] MTRR: Disabled
[    0.000000] x86/PAT: MTRRs disabled, skipping PAT initialization too.
[    0.000000] CPU MTRRs all blank - virtualized system.
[    0.000000] x86/PAT: Configuration [0-7]: WB  WT  UC- UC  WB  WT  UC- UC  
[    0.000000] found SMP MP-table at [mem 0x0009fff0-0x0009ffff] mapped at [ffff88000009fff0]
[    0.000000] Scanning 1 areas for low memory corruption
[    0.000000] RAMDISK: [mem 0x36adc000-0x37565fff]
[    0.000000] ACPI: Early table checksum verification disabled
[    0.000000] ACPI: RSDP 0x00000000000E0000 000024 (v02 VBOX  )
[    0.000000] ACPI: XSDT 0x000000003FFF0030 00003C (v01 VBOX   VBOXXSDT 00000001 ASL  00000061)
[    0.000000] ACPI: FACP 0x000000003FFF00F0 0000F4 (v04 VBOX   VBOXFACP 00000001 ASL  00000061)
[    0.000000] ACPI: DSDT 0x000000003FFF0470 0021FF (v02 VBOX   VBOXBIOS 00000002 INTL 20100528)
[    0.000000] ACPI: FACS 0x000000003FFF0200 000040
[    0.000000] ACPI: FACS 0x000000003FFF0200 000040
[    0.000000] ACPI: APIC 0x000000003FFF0240 00005C (v02 VBOX   VBOXAPIC 00000001 ASL  00000061)
[    0.000000] ACPI: SSDT 0x000000003FFF02A0 0001CC (v01 VBOX   VBOXCPUT 00000002 INTL 20100528)
[    0.000000] No NUMA configuration found
[    0.000000] Faking a node at [mem 0x0000000000000000-0x000000003ffeffff]
[    0.000000] NODE_DATA(0) allocated [mem 0x3ffeb000-0x3ffeffff]
[    0.000000] kvm-clock: Using msrs 4b564d01 and 4b564d00
[    0.000000] kvm-clock: cpu 0, msr 0:3ffe3001, primary cpu clock
[    0.000000] kvm-clock: using sched offset of 3544378966 cycles
[    0.000000] clocksource: kvm-clock: mask: 0xffffffffffffffff max_cycles: 0x1cd42e4dffb, max_idle_ns: 881590591483 ns
[    0.000000] Zone ranges:
[    0.000000]   DMA      [mem 0x0000000000001000-0x0000000000ffffff]
[    0.000000]   DMA32    [mem 0x0000000001000000-0x000000003ffeffff]
[    0.000000]   Normal   empty
[    0.000000]   Device   empty
[    0.000000] Movable zone start for each node
[    0.000000] Early memory node ranges
[    0.000000]   node   0: [mem 0x0000000000001000-0x000000000009efff]
[    0.000000]   node   0: [mem 0x0000000000100000-0x000000003ffeffff]
[    0.000000] Initmem setup node 0 [mem 0x0000000000001000-0x000000003ffeffff]
[    0.000000] ACPI: PM-Timer IO Port: 0x4008
[    0.000000] IOAPIC[0]: apic_id 2, version 32, address 0xfec00000, GSI 0-23
[    0.000000] ACPI: INT_SRC_OVR (bus 0 bus_irq 0 global_irq 2 dfl dfl)
[    0.000000] ACPI: INT_SRC_OVR (bus 0 bus_irq 9 global_irq 9 high level)
[    0.000000] Using ACPI (MADT) for SMP configuration information
[    0.000000] smpboot: Allowing 2 CPUs, 0 hotplug CPUs
[    0.000000] PM: Registered nosave memory: [mem 0x00000000-0x00000fff]
[    0.000000] PM: Registered nosave memory: [mem 0x0009f000-0x0009ffff]
[    0.000000] PM: Registered nosave memory: [mem 0x000a0000-0x000effff]
[    0.000000] PM: Registered nosave memory: [mem 0x000f0000-0x000fffff]
[    0.000000] e820: [mem 0x40000000-0xfebfffff] available for PCI devices
[    0.000000] Booting paravirtualized kernel on KVM
[    0.000000] clocksource: refined-jiffies: mask: 0xffffffff max_cycles: 0xffffffff, max_idle_ns: 7645519600211568 ns
[    0.000000] setup_percpu: NR_CPUS:512 nr_cpumask_bits:512 nr_cpu_ids:2 nr_node_ids:1
[    0.000000] PERCPU: Embedded 33 pages/cpu @ffff88003fc00000 s98200 r8192 d28776 u1048576
[    0.000000] PV qspinlock hash table entries: 256 (order: 0, 4096 bytes)
[    0.000000] Built 1 zonelists in Node order, mobility grouping on.  Total pages: 257913
[    0.000000] Policy zone: DMA32
[    0.000000] Kernel command line: BOOT_IMAGE=/boot/vmlinuz-4.4.0-104-generic root=LABEL=cloudimg-rootfs ro console=tty1 console=ttyS0
[    0.000000] PID hash table entries: 4096 (order: 3, 32768 bytes)
[    0.000000] Memory: 1001780K/1048120K available (8485K kernel code, 1295K rwdata, 3988K rodata, 1492K init, 1316K bss, 46340K reserved, 0K cma-reserved)
[    0.000000] SLUB: HWalign=64, Order=0-3, MinObjects=0, CPUs=2, Nodes=1
[    0.000000] Hierarchical RCU implementation.
[    0.000000] 	Build-time adjustment of leaf fanout to 64.
[    0.000000] 	RCU restricting CPUs from NR_CPUS=512 to nr_cpu_ids=2.
[    0.000000] RCU: Adjusting geometry for rcu_fanout_leaf=64, nr_cpu_ids=2
[    0.000000] NR_IRQS:33024 nr_irqs:440 16
[    0.000000] Console: colour VGA+ 80x25
[    0.000000] console [tty1] enabled
[    0.000000] console [ttyS0] enabled
[    0.000000] tsc: Detected 2112.000 MHz processor
[    3.048956] Calibrating delay loop (skipped) preset value.. 4224.00 BogoMIPS (lpj=8448000)
[    3.114466] pid_max: default: 32768 minimum: 301
[    3.188314] ACPI: Core revision 20150930
[    3.213478] ACPI: 2 ACPI AML tables successfully acquired and loaded
[    3.286094] Security Framework initialized
[    3.296186] Yama: becoming mindful.
[    3.338075] AppArmor: AppArmor initialized
[    3.364194] Dentry cache hash table entries: 131072 (order: 8, 1048576 bytes)
[    3.432130] Inode-cache hash table entries: 65536 (order: 7, 524288 bytes)
[    3.502170] Mount-cache hash table entries: 2048 (order: 2, 16384 bytes)
[    3.540627] Mountpoint-cache hash table entries: 2048 (order: 2, 16384 bytes)
[    3.574486] Initializing cgroup subsys io
[    3.653537] Initializing cgroup subsys memory
[    3.657380] Initializing cgroup subsys devices
[    3.688626] Initializing cgroup subsys freezer
[    3.768607] Initializing cgroup subsys net_cls
[    3.780134] Initializing cgroup subsys perf_event
[    3.782824] Initializing cgroup subsys net_prio
[    3.785573] Initializing cgroup subsys hugetlb
[    3.788330] Initializing cgroup subsys pids
[    3.800476] CPU: Physical Processor ID: 0
[    3.849558] CPU: Processor Core ID: 0
[    3.915022] mce: CPU supports 0 MCE banks
[    3.962175] Last level iTLB entries: 4KB 64, 2MB 8, 4MB 8
[    4.022958] Last level dTLB entries: 4KB 64, 2MB 0, 4MB 0, 1GB 4
[    4.099967] Freeing SMP alternatives memory: 32K
[    4.143201] ftrace: allocating 32158 entries in 126 pages
[    4.224643] smpboot: APIC(0) Converting physical 0 to logical package 0
[    4.314957] smpboot: Max logical packages: 1
[    4.322449] x2apic enabled
[    4.370274] Switched APIC routing to physical x2apic.
[    4.393612] ..TIMER: vector=0x30 apic1=0 pin1=2 apic2=-1 pin2=-1
[    4.519393] smpboot: CPU0: Intel(R) Pentium(R) CPU 4405U @ 2.10GHz (family: 0x6, model: 0x4e, stepping: 0x3)
[    4.599770] Performance Events: unsupported p6 CPU model 78 no PMU driver, software events only.
[    4.686435] KVM setup paravirtual spinlock
[    4.755065] x86: Booting SMP configuration:
[    4.843597] .... node  #0, CPUs:      #1
[    4.921621] kvm-clock: cpu 1, msr 0:3ffe3041, secondary cpu clock
[    4.983844] mce: CPU supports 0 MCE banks
[    5.021279] x86: Booted up 1 node, 2 CPUs
[    5.068378] smpboot: Total of 2 processors activated (8448.00 BogoMIPS)
[    5.100889] devtmpfs: initialized
[    5.107034] evm: security.selinux
[    5.109018] evm: security.SMACK64
[    5.110940] evm: security.SMACK64EXEC
[    5.113044] evm: security.SMACK64TRANSMUTE
[    5.115477] evm: security.SMACK64MMAP
[    5.117555] evm: security.ima
[    5.119383] evm: security.capability
[    5.121793] clocksource: jiffies: mask: 0xffffffff max_cycles: 0xffffffff, max_idle_ns: 7645041785100000 ns
[    5.307236] futex hash table entries: 512 (order: 3, 32768 bytes)
[    5.342300] pinctrl core: initialized pinctrl subsystem
[    5.364292] RTC time:  5:01:37, date: 01/11/18
[    5.387360] NET: Registered protocol family 16
[    5.413301] cpuidle: using governor ladder
[    5.433313] cpuidle: using governor menu
[    5.452147] PCCT header not found.
[    5.470870] ACPI: bus type PCI registered
[    5.499063] acpiphp: ACPI Hot Plug PCI Controller Driver version: 0.5
[    5.533960] PCI: Using configuration type 1 for base access
[    5.570399] ACPI: Added _OSI(Module Device)
[    5.582685] ACPI: Added _OSI(Processor Device)
[    5.612200] ACPI: Added _OSI(3.0 _SCP Extensions)
[    5.635247] ACPI: Added _OSI(Processor Aggregator Device)
[    5.639688] ACPI: Executed 1 blocks of module-level executable AML code
[    5.679455] ACPI: Interpreter enabled
[    5.700923] ACPI: (supports S0 S5)
[    5.743398] ACPI: Using IOAPIC for interrupt routing
[    5.799055] PCI: Using host bridge windows from ACPI; if necessary, use "pci=nocrs" and report a bug
[    5.889498] ACPI: PCI Root Bridge [PCI0] (domain 0000 [bus 00-ff])
[    5.941495] acpi PNP0A03:00: _OSC: OS supports [ASPM ClockPM Segments MSI]
[    5.995622] acpi PNP0A03:00: _OSC: not requesting OS control; OS requires [ExtendedConfig ASPM ClockPM MSI]
[    6.095844] acpi PNP0A03:00: fail to add MMCONFIG information, can't access extended PCI configuration space under this bridge.
[    6.156322] PCI host bridge to bus 0000:00
[    6.179148] pci_bus 0000:00: root bus resource [io  0x0000-0x0cf7 window]
[    6.245753] pci_bus 0000:00: root bus resource [io  0x0d00-0xffff window]
[    6.308002] pci_bus 0000:00: root bus resource [mem 0x000a0000-0x000bffff window]
[    6.377902] pci_bus 0000:00: root bus resource [mem 0x40000000-0xffdfffff window]
[    6.427139] pci_bus 0000:00: root bus resource [bus 00-ff]
[    6.493273] pci 0000:00:01.1: legacy IDE quirk: reg 0x10: [io  0x01f0-0x01f7]
[    6.554176] pci 0000:00:01.1: legacy IDE quirk: reg 0x14: [io  0x03f6]
[    6.605630] pci 0000:00:01.1: legacy IDE quirk: reg 0x18: [io  0x0170-0x0177]
[    6.685210] pci 0000:00:01.1: legacy IDE quirk: reg 0x1c: [io  0x0376]
[    6.767645] pci 0000:00:07.0: quirk: [io  0x4000-0x403f] claimed by PIIX4 ACPI
[    6.839490] pci 0000:00:07.0: quirk: [io  0x4100-0x410f] claimed by PIIX4 SMB
[    6.878811] ACPI: PCI Interrupt Link [LNKA] (IRQs 5 9 10 *11)
[    6.926532] ACPI: PCI Interrupt Link [LNKB] (IRQs 5 9 10 *11)
[    6.985364] ACPI: PCI Interrupt Link [LNKC] (IRQs 5 9 *10 11)
[    7.044974] ACPI: PCI Interrupt Link [LNKD] (IRQs 5 *9 10 11)
[    7.109332] ACPI: Enabled 2 GPEs in block 00 to 07
[    7.142406] vgaarb: setting as boot device: PCI:0000:00:02.0
[    7.189852] vgaarb: device added: PCI:0000:00:02.0,decodes=io+mem,owns=io+mem,locks=none
[    7.259656] vgaarb: loaded
[    7.287513] vgaarb: bridge control possible 0000:00:02.0
[    7.328696] SCSI subsystem initialized
[    7.332437] ACPI: bus type USB registered
[    7.367146] usbcore: registered new interface driver usbfs
[    7.407169] usbcore: registered new interface driver hub
[    7.426809] usbcore: registered new device driver usb
[    7.438616] PCI: Using ACPI for IRQ routing
[    7.477262] NetLabel: Initializing
[    7.510306] NetLabel:  domain hash size = 128
[    7.550320] NetLabel:  protocols = UNLABELED CIPSOv4
[    7.581170] NetLabel:  unlabeled traffic allowed by default
[    7.622298] amd_nb: Cannot enumerate AMD northbridges
[    7.675102] clocksource: Switched to clocksource kvm-clock
[    7.745511] AppArmor: AppArmor Filesystem Enabled
[    7.844396] pnp: PnP ACPI init
[    7.887784] pnp: PnP ACPI: found 3 devices
[    7.975434] clocksource: acpi_pm: mask: 0xffffff max_cycles: 0xffffff, max_idle_ns: 2085701024 ns
[    8.162786] NET: Registered protocol family 2
[    8.232706] TCP established hash table entries: 8192 (order: 4, 65536 bytes)
[    8.383874] TCP bind hash table entries: 8192 (order: 5, 131072 bytes)
[    8.516799] TCP: Hash tables configured (established 8192 bind 8192)
[    8.654543] UDP hash table entries: 512 (order: 2, 16384 bytes)
[    8.762171] UDP-Lite hash table entries: 512 (order: 2, 16384 bytes)
[    8.877149] NET: Registered protocol family 1
[    8.956832] pci 0000:00:00.0: Limiting direct PCI/PCI transfers
[    9.094570] pci 0000:00:01.0: Activating ISA DMA hang workarounds
[    9.230509] Unpacking initramfs...
[   12.560175] Freeing initrd memory: 10792K
[   12.643073] platform rtc_cmos: registered platform RTC device (no PNP device found)
[   12.788892] Scanning for low memory corruption every 60 seconds
[   12.847736] audit: initializing netlink subsys (disabled)
[   12.920877] audit: type=2000 audit(1515646904.049:1): initialized
[   13.001914] Initialise system trusted keyring
[   13.064082] HugeTLB registered 2 MB page size, pre-allocated 0 pages
[   13.165425] zbud: loaded
[   13.218435] VFS: Disk quotas dquot_6.6.0
[   13.314250] VFS: Dquot-cache hash table entries: 512 (order 0, 4096 bytes)
[   13.480880] squashfs: version 4.0 (2009/01/31) Phillip Lougher
[   13.603377] fuse init (API version 7.23)
[   13.692505] tsc: Refined TSC clocksource calibration: 2112.250 MHz
[   13.846163] clocksource: tsc: mask: 0xffffffffffffffff max_cycles: 0x1e7264d894b, max_idle_ns: 440795299872 ns
[   13.846560] Key type big_key registered
[   13.846590] Allocating IMA MOK and blacklist keyrings.
[   13.846966] Key type asymmetric registered
[   13.846969] Asymmetric key parser 'x509' registered
[   13.847034] Block layer SCSI generic (bsg) driver version 0.4 loaded (major 249)
[   13.847077] io scheduler noop registered
[   13.847081] io scheduler deadline registered (default)
[   13.847192] io scheduler cfq registered
[   13.847330] pci_hotplug: PCI Hot Plug PCI Core version: 0.5
[   13.847337] pciehp: PCI Express Hot Plug Controller Driver version: 0.4
[   13.847513] ACPI: AC Adapter [AC] (on-line)
[   13.847589] input: Power Button as /devices/LNXSYSTM:00/LNXPWRBN:00/input/input0
[   13.847592] ACPI: Power Button [PWRF]
[   13.847747] input: Sleep Button as /devices/LNXSYSTM:00/LNXSLPBN:00/input/input1
[   13.847749] ACPI: Sleep Button [SLPF]
[   13.848047] GHES: HEST is not enabled!
[   13.849347] ACPI: Battery Slot [BAT0] (battery present)
[   13.849419] Serial: 8250/16550 driver, 32 ports, IRQ sharing enabled
[   14.074016] 00:02: ttyS0 at I/O 0x3f8 (irq = 4, base_baud = 115200) is a 16550A
[   14.163098] Linux agpgart interface v0.103
[   14.172253] loop: module loaded
[   14.173104] scsi host0: ata_piix
[   14.173202] scsi host1: ata_piix
[   14.173281] ata1: PATA max UDMA/33 cmd 0x1f0 ctl 0x3f6 bmdma 0xd000 irq 14
[   14.173282] ata2: PATA max UDMA/33 cmd 0x170 ctl 0x376 bmdma 0xd008 irq 15
[   14.173401] libphy: Fixed MDIO Bus: probed
[   14.173406] tun: Universal TUN/TAP device driver, 1.6
[   14.173407] tun: (C) 1999-2004 Max Krasnyansky <maxk@qualcomm.com>
[   14.173921] PPP generic driver version 2.4.2
[   14.174020] ehci_hcd: USB 2.0 'Enhanced' Host Controller (EHCI) Driver
[   14.174027] ehci-pci: EHCI PCI platform driver
[   14.174038] ehci-platform: EHCI generic platform driver
[   14.174049] ohci_hcd: USB 1.1 'Open' Host Controller (OHCI) Driver
[   14.174054] ohci-pci: OHCI PCI platform driver
[   14.174067] ohci-platform: OHCI generic platform driver
[   14.174079] uhci_hcd: USB Universal Host Controller Interface driver
[   14.174160] i8042: PNP: PS/2 Controller [PNP0303:PS2K,PNP0f03:PS2M] at 0x60,0x64 irq 1,12
[   14.193083] serio: i8042 KBD port at 0x60,0x64 irq 1
[   14.193091] serio: i8042 AUX port at 0x60,0x64 irq 12
[   14.193319] mousedev: PS/2 mouse device common for all mice
[   14.193895] rtc_cmos rtc_cmos: rtc core: registered rtc_cmos as rtc0
[   14.193984] rtc_cmos rtc_cmos: alarms up to one day, 114 bytes nvram
[   14.193994] i2c /dev entries driver
[   14.194068] device-mapper: uevent: version 1.0.3
[   14.194149] device-mapper: ioctl: 4.34.0-ioctl (2015-10-28) initialised: dm-devel@redhat.com
[   14.194169] ledtrig-cpu: registered to indicate activity on CPUs
[   14.194744] NET: Registered protocol family 10
[   14.195034] NET: Registered protocol family 17
[   14.195045] Key type dns_resolver registered
[   14.259647] microcode: CPU0 sig=0x406e3, pf=0x2, revision=0x0
[   14.259803] microcode: CPU1 sig=0x406e3, pf=0x2, revision=0x0
[   14.259877] microcode: Microcode Update Driver: v2.01 <tigran@aivazian.fsnet.co.uk>, Peter Oruba
[   14.260113] registered taskstats version 1
[   14.260178] Loading compiled-in X.509 certificates
[   14.261604] Loaded X.509 cert 'Build time autogenerated kernel key: 8537ad706776f532219d7336343c968b9f82f7c7'
[   14.261679] zswap: loaded using pool lzo/zbud
[   14.264964] Key type trusted registered
[   14.269115] Key type encrypted registered
[   14.269124] AppArmor: AppArmor sha1 policy hashing enabled
[   14.269128] ima: No TPM chip found, activating TPM-bypass!
[   14.269157] evm: HMAC attrs: 0x1
[   14.269517]   Magic number: 2:284:11
[   14.296399] rtc_cmos rtc_cmos: setting system clock to 2018-01-11 05:01:46 UTC (1515646906)
[   14.296587] BIOS EDD facility v0.16 2004-Jun-25, 0 devices found
[   14.296588] EDD information not available.
[   14.672539] input: AT Translated Set 2 keyboard as /devices/platform/i8042/serio0/input/input2
[   17.845283] Freeing unused kernel memory: 1492K
[   17.909153] Write protecting the kernel read-only data: 14336k
[   17.942897] Freeing unused kernel memory: 1744K
[   17.954351] Freeing unused kernel memory: 108K
Loading, please wait...
starting version[   18.137440] random: systemd-udevd: uninitialized urandom read (16 bytes read, 7 bits of entropy available)
 229
[   18.138366] random: udevadm: uninitialized urandom read (16 bytes read, 7 bits of entropy available)
[   18.138395] random: udevadm: uninitialized urandom read (16 bytes read, 7 bits of entropy available)
[   18.152182] random: udevadm: uninitialized urandom read (16 bytes read, 7 bits of entropy available)
[   18.152270] random: udevadm: uninitialized urandom read (16 bytes read, 7 bits of entropy available)
[   18.152447] random: udevadm: uninitialized urandom read (16 bytes read, 7 bits of entropy available)
[   18.152509] random: udevadm: uninitialized urandom read (16 bytes read, 7 bits of entropy available)
[   18.152571] random: udevadm: uninitialized urandom read (16 bytes read, 7 bits of entropy available)
[   18.152635] random: udevadm: uninitialized urandom read (16 bytes read, 7 bits of entropy available)
[   18.152694] random: udevadm: uninitialized urandom read (16 bytes read, 7 bits of entropy available)
[   19.010787] Fusion MPT base driver 3.04.20
[   19.013262] Copyright (c) 1999-2008 LSI Corporation
[   19.036249] e1000: Intel(R) PRO/1000 Network Driver - version 7.3.21-k8-NAPI
[   19.039966] e1000: Copyright (c) 1999-2006 Intel Corporation.
[   19.064752] Fusion MPT SPI Host driver 3.04.20
[   19.072305] mptbase: ioc0: Initiating bringup
[   19.075362] SSE version of gcm_enc/dec engaged.
[   19.188804] ioc0: LSI53C1030 A0: Capabilities={Initiator}
[   19.233041] input: ImExPS/2 Generic Explorer Mouse as /devices/platform/i8042/serio1/input/input4
[   19.357478] scsi host2: ioc0: LSI53C1030 A0, FwRev=00000000h, Ports=1, MaxQ=256, IRQ=20
[   19.511720] scsi 2:0:0:0: Direct-Access     VBOX     HARDDISK         1.0  PQ: 0 ANSI: 5
[   19.553089] scsi target2:0:0: Beginning Domain Validation
[   19.560689] scsi target2:0:0: Domain Validation skipping write tests
[   19.603632] scsi target2:0:0: Ending Domain Validation
[   19.651775] scsi target2:0:0: asynchronous
[   19.705650] scsi 2:0:1:0: Direct-Access     VBOX     HARDDISK         1.0  PQ: 0 ANSI: 5
[   19.710324] scsi target2:0:1: Beginning Domain Validation
[   19.714608] scsi target2:0:1: Domain Validation skipping write tests
[   19.718077] scsi target2:0:1: Ending Domain Validation
[   19.721047] scsi target2:0:1: asynchronous
[   19.772745] sd 2:0:0:0: Attached scsi generic sg0 type 0
[   19.775973] sd 2:0:0:0: [sda] 20971520 512-byte logical blocks: (10.7 GB/10.0 GiB)
[   19.781236] sd 2:0:1:0: Attached scsi generic sg1 type 0
[   19.784716] sd 2:0:0:0: [sda] Write Protect is off
[   19.787835] sd 2:0:1:0: [sdb] 20480 512-byte logical blocks: (10.5 MB/10.0 MiB)
[   19.813533] sd 2:0:0:0: [sda] Incomplete mode parameter data
[   19.816733] sd 2:0:0:0: [sda] Assuming drive cache: write through
[   19.820348] sd 2:0:1:0: [sdb] Write Protect is off
[   19.823837] sd 2:0:1:0: [sdb] Incomplete mode parameter data
[   19.827158] sd 2:0:1:0: [sdb] Assuming drive cache: write through
[   19.832673]  sda: sda1
[   19.835734] sd 2:0:0:0: [sda] Attached SCSI disk
[   19.839348] sd 2:0:1:0: [sdb] Attached SCSI disk
[   20.119632] e1000 0000:00:03.0 eth0: (PCI:33MHz:32-bit) 02:93:06:1c:a6:4f
[   20.123220] e1000 0000:00:03.0 eth0: Intel(R) PRO/1000 Network Connection
[   20.128470] e1000 0000:00:03.0 enp0s3: renamed from eth0
[   22.007407] floppy0: no floppy controllers found
Begin: Loading e[   23.715622] md: linear personality registered for level -1
ssential drivers ... [   23.838929] md: multipath personality registered for level -4
[   23.903465] md: raid0 personality registered for level 0
[   23.912555] md: raid1 personality registered for level 1
[   24.063276] raid6: sse2x1   gen()  3662 MB/s
[   24.139392] raid6: sse2x1   xor()  2829 MB/s
[   24.271318] raid6: sse2x2   gen()  5028 MB/s
[   24.375258] raid6: sse2x2   xor()  3246 MB/s
[   24.463270] raid6: sse2x4   gen()  5283 MB/s
[   24.599261] raid6: sse2x4   xor()  3648 MB/s
[   24.620391] raid6: using algorithm sse2x4 gen() 5283 MB/s
[   24.622926] raid6: .... xor() 3648 MB/s, rmw enabled
[   24.625558] raid6: using ssse3x2 recovery algorithm
[   24.645460] xor: measuring software checksum speed
[   24.687285]    prefetch64-sse:  7798.000 MB/sec
[   24.795246]    generic_sse:  6948.000 MB/sec
[   24.856170] xor: using function: prefetch64-sse (7798.000 MB/sec)
[   24.922607] async_tx: api initialized (async)
[   24.975613] md: raid6 personality registered for level 6
[   25.042157] md: raid5 personality registered for level 5
[   25.084744] md: raid4 personality registered for level 4
[   25.122348] md: raid10 personality registered for level 10
done.
Begin: Running /scripts/init-premount ... done.
Begin: Mounting root file system ... Begin: Running /scripts/loc[   25.202897] Btrfs loaded
al-top ... done.
Begin: Running /scripts/local-premount ... Scanning for Btrfs [   25.272550] EXT4-fs (sda1): INFO: recovery required on readonly filesystem
filesystems
done.
Warning: fsc[   25.335079] EXT4-fs (sda1): write access will be enabled during recovery
k not present, so skipping root file system
[   25.482067] EXT4-fs (sda1): recovery complete
[   25.567812] EXT4-fs (sda1): mounted filesystem with ordered data mode. Opts: (null)
done.
Begin: Running /scripts/local-bottom ... done.
Begin: Running /scripts/init-bottom ... done.
[   25.790426] systemd[1]: systemd 229 running in system mode. (+PAM +AUDIT +SELINUX +IMA +APPARMOR +SMACK +SYSVINIT +UTMP +LIBCRYPTSETUP +GCRYPT +GNUTLS +ACL +XZ -LZ4 +SECCOMP +BLKID +ELFUTILS +KMOD -IDN)
[   25.983803] systemd[1]: Detected virtualization oracle.
[   26.047634] systemd[1]: Detected architecture x86-64.

Welcome to [1mUbuntu 16.04.3 LTS[0m!

[   26.133262] systemd[1]: Set hostname to <ubuntu-xenial>.
[   26.271084] random: nonblocking pool is initialized
[   26.390575] systemd[1]: Listening on Journal Socket (/dev/log).
[[0;32m  OK  [0m] Listening on Journal Socket (/dev/log).
[   26.479631] systemd[1]: Listening on LVM2 poll daemon socket.
[[0;32m  OK  [0m] Listening on LVM2 poll daemon socket.
[   26.567554] systemd[1]: Started Forward Password Requests to Wall Directory Watch.
[[0;32m  OK  [0m] Started Forward Password Requests to Wall Directory Watch.
[   26.596300] systemd[1]: Listening on /dev/initctl Compatibility Named Pipe.
[[0;32m  OK  [0m] Listening on /dev/initctl Compatibility Named Pipe.
[   26.748157] systemd[1]: Created slice System Slice.
[[0;32m  OK  [0m] Created slice System Slice.
[   26.845011] systemd[1]: Created slice User and Session Slice.
[[0;32m  OK  [0m] Created slice User and Session Slice.
[   26.919522] systemd[1]: Listening on udev Control Socket.
[[0;32m  OK  [0m] Listening on udev Control Socket.
[   27.047970] systemd[1]: Created slice system-serial\x2dgetty.slice.
[[0;32m  OK  [0m] Created slice system-serial\x2dgetty.slice.
[   27.186688] systemd[1]: Listening on Journal Audit Socket.
[[0;32m  OK  [0m] Listening on Journal Audit Socket.
[   27.245765] systemd[1]: Listening on Syslog Socket.
[[0;32m  OK  [0m] Listening on Syslog Socket.
[   27.345273] systemd[1]: Reached target User and Group Name Lookups.
[[0;32m  OK  [0m] Reached target User and Group Name Lookups.
[   27.429864] systemd[1]: Listening on Journal Socket.
[[0;32m  OK  [0m] Listening on Journal Socket.
[   27.459655] systemd[1]: Starting Nameserver information manager...
         Starting Nameserver information manager...
[   27.494567] systemd[1]: Starting Uncomplicated firewall...
         Starting Uncomplicated firewall...
[   27.587520] systemd[1]: Starting Remount Root and Kernel File Systems...
[   27.594034] EXT4-fs (sda1): re-mounted. Opts: (null)
         Starting Remount Root and Kernel File Systems...
[   27.729322] systemd[1]: Starting Load Kernel Modules...
[   27.772862] Loading iSCSI transport class v2.0-870.
         Startin[   27.898073] iscsi: registered transport (tcp)
g Load Kernel Modules...
[   28.019568] iscsi: registered transport (iser)
[   28.103881] systemd[1]: Mounting Debug File System...
         Mounting Debug File System...
[   28.239447] systemd[1]: Starting Set console keymap...
         Starting Set console keymap...
[   28.351655] systemd[1]: Mounting Huge Pages File System...
         Mounting Huge Pages File System...
[   28.467759] systemd[1]: Set up automount Arbitrary Executable File Formats File System Automount Point.
[[0;32m  OK  [0m] Set up automount Arbitrary Executab...ats File System Automount Point.
[   28.619502] systemd[1]: Starting Create list of required static device nodes for the current kernel...
         Starting Create list of required st... nodes for the current kernel...
[   28.767354] systemd[1]: Mounting POSIX Message Queue File System...
         Mounting POSIX Message Queue File System...
[   28.827467] systemd[1]: Starting Journal Service...
         Starting Journal Service...
[   28.911491] systemd[1]: Reached target Slices.
[[0;32m  OK  [0m] Reached target Slices.
[   28.915031] systemd[1]: Listening on LVM2 metadata daemon socket.
[[0;32m  OK  [0m] Listening on LVM2 metadata daemon socket.
[   28.920217] systemd[1]: Reached target Encrypted Volumes.
[[0;32m  OK  [0m] Reached target Encrypted Volumes.
[   28.924429] systemd[1]: Listening on Device-mapper event daemon FIFOs.
[[0;32m  OK  [0m] Listening on Device-mapper event daemon FIFOs.
[   28.939493] systemd[1]: Starting Monitoring of LVM2 mirrors, snapshots etc. using dmeventd or progress polling...
         Starting Monitoring of LVM2 mirrors... dmeventd or progress polling...
[   28.998557] systemd[1]: Started Trigger resolvconf update for networkd DNS.
[[0;32m  OK  [0m] Started Trigger resolvconf update for networkd DNS.
[   29.055337] systemd[1]: Reached target Swap.
[[0;32m  OK  [0m] Reached target Swap.
[   29.112524] systemd[1]: Listening on udev Kernel Socket.
[[0;32m  OK  [0m] Listening on udev Kernel Socket.
[   29.152601] systemd[1]: Mounted Huge Pages File System.
[[0;32m  OK  [0m] Mounted Huge Pages File System.
[   29.216933] systemd[1]: Mounted Debug File System.
[[0;32m  OK  [0m] Mounted Debug File System.
[   29.323565] systemd[1]: Mounted POSIX Message Queue File System.
[[0;32m  OK  [0m] Mounted POSIX Message Queue File System.
[   29.431538] systemd[1]: Started Journal Service.
[[0;32m  OK  [0m] Started Journal Service.
[[0;32m  OK  [0m] Started Uncomplicated firewall.
[[0;32m  OK  [0m] Started Remount Root and Kernel File Systems.
[[0;32m  OK  [0m] Started Load Kernel Modules.
[[0;32m  OK  [0m] Started Set console keymap.
[[0;32m  OK  [0m] Started Create list of required sta...ce nodes for the current kernel.
[[0;32m  OK  [0m] Started Nameserver information manager.
[[0;32m  OK  [0m] Started LVM2 metadata daemon.
         Starting Create Static Device Nodes in /dev...
         Starting Apply Kernel Variables...
         Mounting FUSE Control File System...
         Starting Initial cloud-init job (pre-networking)...
         Starting udev Coldplug all Devices...
         Starting Load/Save Random Seed...
         Starting Flush Journal to Persistent Storage...
[[0;32m  OK  [0m] Mounted FUSE Control File System.
[[0;32m  OK  [0m] Started Create Static Device Nodes in /dev.
[[0;32m  OK  [0m] Started Apply Kernel Variables.
[[0;32m  OK  [0m] Started Load/Save Random Seed.
[[0;32m  OK  [0m] Started Flush Journal to Persistent Storage.
         Starting udev Kernel Device Manager...
[[0;32m  OK  [0m] Started udev Coldplug all Devices.
[[0;32m  OK  [0m] Started udev Kernel Device Manager.
[[0;32m  OK  [0m] Started Dispatch Password Requests to Console Directory Watch.
[[0;32m  OK  [0m] Started Monitoring of LVM2 mirrors,...ng dmeventd or progress polling.
[[0;32m  OK  [0m] Reached target Local File Systems (Pre).
[[0;32m  OK  [0m] Reached target Local File Systems.
         Starting Create Volatile Files and Directories...
         Starting LSB: AppArmor initialization...
         Starting Tell Plymouth To Write Out Runtime Data...
         Starting Set console font and keymap...
[[0;32m  OK  [0m] Started Create Volatile Files and Directories.
[[0;32m  OK  [0m] Started Tell Plymouth To Write Out Runtime Data.
[[0;32m  OK  [0m] Found device /dev/ttyS0.
[[0;32m  OK  [0m] Started LSB: AppArmor initialization.
[   24.690929] cloud-init[451]: Cloud-init v. 17.1 running 'init-local' at Thu, 11 Jan 2018 05:02:03 +0000. Up 24.25 seconds.
[[0;32m  OK  [0m] Started Initial cloud-init job (pre-networking).
[[0;32m  OK  [0m] Listening on Load/Save RF Kill Switch Status /dev/rfkill Watch.
[[0;32m  OK  [0m] Reached target Network (Pre).
         Starting Raise network interfaces...
[[0;32m  OK  [0m] Started ifup for enp0s3.
[[0;32m  OK  [0m] Reached target System Time Synchronized.
         Starting Update UTMP about System Boot/Shutdown...
[[0;32m  OK  [0m] Started Set console font and keymap.
[[0;32m  OK  [0m] Created slice system-getty.slice.
[[0;32m  OK  [0m] Started Update UTMP about System Boot/Shutdown.
[[0;32m  OK  [0m] Started Raise network interfaces.
         Starting Initial cloud-init job (metadata service crawler)...
[[0;32m  OK  [0m] Reached target Network.
[   27.401351] cloud-init[977]: Cloud-init v. 17.1 running 'init' at Thu, 11 Jan 2018 05:02:06 +0000. Up 26.95 seconds.
[   27.502761] cloud-init[977]: ci-info: +++++++++++++++++++++++++++++++++++++Net device info+++++++++++++++++++++++++++++++++++++
[   27.503244] cloud-init[977]: ci-info: +--------+------+---------------------------+---------------+-------+-------------------+
[[0;32m  OK  [0m] Started Initial cloud-init job (metadata service crawler).
[   27.504035] cloud-init[977]: ci-info: | Device |  Up  |          Address          |      Mask     | Scope |     Hw-Address    |
[   27.774741] cloud-init[977]: ci-info: +--------+------+---------------------------+---------------+-------+-------------------+
[   27.784508] cloud-init[977]: ci-info: | enp0s3 | True |         10.0.2.15         | 255.255.255.0 |   .   | 02:93:06:1c:a6:4f |
[   27.785038] cloud-init[977]: ci-info: | enp0s3 | True | fe80::93:6ff:fe1c:a64f/64 |       .       |  link | 02:93:06:1c:a6:4f |
[[0;32m  OK  [0m] Reached target Cloud-config availability.
[[0;32m  OK  [0m] Reached target Network is Online.[   27.785244] cloud-init[977]: ci-info: |   lo   | True |         127.0.0.1         |   255.0.0.0   |   .   |         .         |
[   27.979992] cloud-init[977]: ci-info: |   lo   | True |          ::1/128          |       .       |  host |         .         |
[   27.980800] cloud-init[977]: ci-info: +--------+------+---------------------------+---------------+-------+-------------------+
[   27.981218] cloud-init[977]: ci-info: +++++++++++++++++++++++++++Route IPv4 info++++++++++++++++++++++++++++
[   27.981640] cloud-init[977]: ci-info: +-------+-------------+----------+---------------+-----------+-------+
[   27.982037] cloud-init[977]: ci-info: | Route | Destination | Gateway  |    Genmask    | Interface | Flags |
[   27.982460] cloud-init[977]: ci-info: +-------+-------------+----------+---------------+-----------+-------+
[   27.982916] cloud-init[977]: ci-info: |   0   |   0.0.0.0   | 10.0.2.2 |    0.0.0.0    |   enp0s3  |   UG  |
[   27.982986] cloud-init[977]: ci-info: |   1   |   10.0.2.0  | 0.0.0.0  | 255.255.255.0 |   enp0s3  |   U   |
[   27.983480] cloud-init[977]: ci-info: +-------+-------------+----------+---------------+-----------+-------+

         Starting iSCSI initiator daemon (iscsid)...
[[0;32m  OK  [0m] Reached target System Initialization.
[[0;32m  OK  [0m] Listening on UUID daemon activation socket.
         Starting Socket activation for snappy daemon.
[[0;32m  OK  [0m] Started Timer to automatically refresh installed snaps.
         Starting LXD - unix socket.
[[0;32m  OK  [0m] Listening on ACPID Listen Socket.
[[0;32m  OK  [0m] Listening on D-Bus System Message Bus Socket.
[[0;32m  OK  [0m] Started ACPI Events Check.
[[0;32m  OK  [0m] Reached target Paths.
[[0;32m  OK  [0m] Started Daily Cleanup of Temporary Directories.
[[0;32m  OK  [0m] Started Daily apt download activities.
[[0;32m  OK  [0m] Started Daily apt upgrade and clean activities.
[[0;32m  OK  [0m] Reached target Timers.
[[0;32m  OK  [0m] Listening on Socket activation for snappy daemon.
[[0;32m  OK  [0m] Listening on LXD - unix socket.
[[0;32m  OK  [0m] Started iSCSI initiator daemon (iscsid).
         Starting Login to default iSCSI targets...
[[0;32m  OK  [0m] Reached target Sockets.
[[0;32m  OK  [0m] Reached target Basic System.
         Starting Login Service...
[[0;32m  OK  [0m] Started Regular background program processing daemon.
         Starting LSB: Record successful boot for GRUB...
[[0;32m  OK  [0m] Started Unattended Upgrades Shutdown.
         Starting Accounts Service...
         Starting OpenBSD Secure Shell server...
[[0;32m  OK  [0m] Started FUSE filesystem for LXC.
         Starting /etc/rc.local Compatibility...
         Starting Apply the settings specified in cloud-config...
[[0;32m  OK  [0m] Started ACPI event daemon.
[[0;32m  OK  [0m] Started D-Bus System Message Bus.
         Starting LSB: MD monitoring daemon...
         Starting System Logging Service...
[[0;32m  OK  [0m] Started Deferred execution scheduler.
         Starting LXD - container startup/shutdown...
         Starting Snappy daemon...
[[0;32m  OK  [0m] Started OpenBSD Secure Shell server.
[[0;32m  OK  [0m] Started System Logging Service.
[[0;32m  OK  [0m] Started /etc/rc.local Compatibility.
[[0;32m  OK  [0m] Started LSB: Record successful boot for GRUB.
[[0;32m  OK  [0m] Started Login to default iSCSI targets.
[[0;32m  OK  [0m] Started LSB: MD monitoring daemon.
[[0;32m  OK  [0m] Started LXD - container startup/shutdown.
[[0;32m  OK  [0m] Started Snappy daemon.
[[0;32m  OK  [0m] Started Login Service.
         Starting Authenticate and Authorize Users to Run Privileged Tasks...
[[0;32m  OK  [0m] Reached target Remote File Systems (Pre).
[[0;32m  OK  [0m] Reached target Remote File Systems.
         Starting LSB: Set the CPU Frequency Scaling governor to "ondemand"...
         Starting LSB: automatic crash report generation...
         Starting Permit User Sessions...
         Starting LSB: VirtualBox Linux Additions...
         Starting LSB: daemon to balance interrupts for SMP systems...
[[0;32m  OK  [0m] Started Permit User Sessions.
[[0;32m  OK  [0m] Started Authenticate and Authorize Users to Run Privileged Tasks.
[[0;32m  OK  [0m] Started Accounts Service.
[[0;32m  OK  [0m] Started LSB: Set the CPU Frequency Scaling governor to "ondemand".
         Starting Hold until boot process finishes up...
         Starting Terminate Plymouth Boot Screen...
[[0;32m  OK  [0m] Started LSB: automatic crash report generation.
[[0;32m  OK  [0m] Started LSB: daemon to balance interrupts for SMP systems.
[[0;32m  OK  [0m] Started Hold until boot process finishes up.
[[0;32m  OK  [0m] Started Terminate Plymouth Boot Screen.
[[0;32m  OK  [0m] Started Serial Getty on ttyS0.
         Starting Set console scheme...
[[0;32m  OK  [0m] Started Getty on tty1.
[[0;32m  OK  [0m] Reached target Login Prompts.
[[0;32m  OK  [0m] Started Set console scheme.
[[0;32m  OK  [0m] Started LSB: VirtualBox Linux Additions.
[[0;32m  OK  [0m] Reached target Multi-User System.
[[0;32m  OK  [0m] Reached target Graphical Interface.
         Starting Update UTMP about System Runlevel Changes...
[[0;32m  OK  [0m] Started Update UTMP about System Runlevel Changes.
[   30.066165] cloud-init[1055]: Cloud-init v. 17.1 running 'modules:config' at Thu, 11 Jan 2018 05:02:08 +0000. Up 29.77 seconds.
[[0;32m  OK  [0m] Started Apply the settings specified in cloud-config.
         Starting Execute cloud user/final scripts...
[   31.055028] cloud-init[1208]: Cloud-init v. 17.1 running 'modules:final' at Thu, 11 Jan 2018 05:02:09 +0000. Up 30.76 seconds.
[   31.061104] cloud-init[1208]: Cloud-init v. 17.1 finished at Thu, 11 Jan 2018 05:02:10 +0000. Datasource DataSourceNoCloud [seed=/dev/sdb][dsmode=net].  Up 31.04 seconds
[[0;32m  OK  [0m] Started Execute cloud user/final scripts.
[[0;32m  OK  [0m] Reached target Cloud-init target.

Ubuntu 16.04.3 LTS ubuntu-xenial ttyS0

ubuntu-xenial login: 